0 info it worked if it ends with ok
1 verbose cli [ '/Users/jmaher/.nvm/versions/node/v4.4.4/bin/node',
1 verbose cli   '/Users/jmaher/.nvm/versions/node/v4.4.4/bin/npm',
1 verbose cli   'publish' ]
2 info using npm@2.15.11
3 info using node@v4.4.4
4 verbose publish [ '.' ]
5 silly cache add args [ '.', null ]
6 verbose cache add spec .
7 silly cache add parsed spec Result {
7 silly cache add   raw: '.',
7 silly cache add   scope: null,
7 silly cache add   name: null,
7 silly cache add   rawSpec: '.',
7 silly cache add   spec: '/Users/jmaher/Projects/cni/shy-hubot-aws',
7 silly cache add   type: 'directory' }
8 verbose addLocalDirectory /Users/jmaher/.npm/shy-hubot-aws/0.5.0/package.tgz not in flight; packing
9 verbose correctMkdir /Users/jmaher/.npm correctMkdir not in flight; initializing
10 verbose tar pack [ '/Users/jmaher/.npm/shy-hubot-aws/0.5.0/package.tgz',
10 verbose tar pack   '/Users/jmaher/Projects/cni/shy-hubot-aws' ]
11 verbose tarball /Users/jmaher/.npm/shy-hubot-aws/0.5.0/package.tgz
12 verbose folder /Users/jmaher/Projects/cni/shy-hubot-aws
13 info prepublish shy-hubot-aws@0.5.0
14 verbose addLocalTarball adding from inside cache /Users/jmaher/.npm/shy-hubot-aws/0.5.0/package.tgz
15 verbose correctMkdir /Users/jmaher/.npm correctMkdir not in flight; initializing
16 silly cache afterAdd shy-hubot-aws@0.5.0
17 verbose afterAdd /Users/jmaher/.npm/shy-hubot-aws/0.5.0/package/package.json not in flight; writing
18 verbose correctMkdir /Users/jmaher/.npm correctMkdir not in flight; initializing
19 verbose afterAdd /Users/jmaher/.npm/shy-hubot-aws/0.5.0/package/package.json written
20 silly publish { name: 'shy-hubot-aws',
20 silly publish   version: '0.5.0',
20 silly publish   description: 'Hubot masters aws commands',
20 silly publish   repository:
20 silly publish    { type: 'git',
20 silly publish      url: 'git+ssh://git@github.com/yoheimuta/hubot-aws.git' },
20 silly publish   main: 'index.coffee',
20 silly publish   scripts: { test: 'grunt test' },
20 silly publish   dependencies:
20 silly publish    { 'aws-sdk': '2.4.1',
20 silly publish      tsv: '0.2.0',
20 silly publish      async: '0.9.0',
20 silly publish      underscore: '1.8.3',
20 silly publish      cson: '3.0.1',
20 silly publish      moment: '2.13.0' },
20 silly publish   keywords:
20 silly publish    [ 'aws',
20 silly publish      'hubot',
20 silly publish      'hubot-scripts',
20 silly publish      'hubot aws',
20 silly publish      'hubot-aws',
20 silly publish      'aws-cli' ],
20 silly publish   bugs: { url: 'https://github.com/yoheimuta/hubot-aws/issues' },
20 silly publish   author: { name: 'msmichellegar', email: 'msmichellegar@gmail.com' },
20 silly publish   license: 'MIT',
20 silly publish   devDependencies:
20 silly publish    { 'coffee-errors': '^0.8.6',
20 silly publish      'coffee-script': '^1.10.0',
20 silly publish      coffeelint: '^1.13.0',
20 silly publish      'grunt-coffeelint': '0.0.13',
20 silly publish      'grunt-contrib-watch': '^0.6.1',
20 silly publish      'grunt-jsonlint': '^1.0.4',
20 silly publish      'grunt-notify': '^0.4.1',
20 silly publish      'grunt-release': '^0.13.0',
20 silly publish      'grunt-simple-mocha': '^0.4.0',
20 silly publish      matchdep: '^1.0.0',
20 silly publish      sinon: '^1.17.1' },
20 silly publish   readme: '# hubot-aws  [![npm version](https://badge.fury.io/js/hubot-aws.svg)](http://badge.fury.io/js/hubot-aws) [![Build Status](https://travis-ci.org/yoheimuta/hubot-aws.svg?branch=master)](https://travis-ci.org/yoheimuta/hubot-aws) [![Dependency Status](https://david-dm.org/yoheimuta/hubot-aws.svg)](https://david-dm.org/yoheimuta/hubot-aws)\n\nHubot masters aws commands\n\nI wrote a guest blog published by PacktPub about a quick intro to this npm module.\nSee https://www.packtpub.com/books/content/part2-chatops-slack-and-aws-cli.\n\n## Installation\n\nAdd **hubot-aws** to your `package.json` file:\n\n```\nnpm install --save hubot-aws\n```\n\nAdd **hubot-aws** to your `external-scripts.json`:\n\n```json\n["hubot-aws"]\n```\n\nRun `npm install`\n\n## Auth\n\nAccess Control with [hubot-auth](https://github.com/hubot-scripts/hubot-auth).\n\n- User with `admin` or the role defined `HUBOT_AWS_CAN_ACCESS_ROLE` can run all commands.\n\n```ruby\n# against user without a valid role\nhubot> hubot ec2 run\nYou cannot access this feature. Please contact an admin.\n```\n\n- You can disable access control like below.\n\n```ruby\nexport HUBOT_AWS_DEBUG="1"\n```\n\n## Commands\n\nSee [scripts/**.coffee](https://github.com/yoheimuta/hubot-aws/tree/master/scripts) for full documentation.\n\n```ruby\nhubot autoscaling create # Create an AutoScaling Group\nhubot autoscaling delete --group_name=[group_name] # Delete the AutoScaling Group\nhubot autoscaling delete --group_name=[group_name] --force # Delete the AutoScaling Group with live instances\nhubot autoscaling launch create # Create an AutoScaling LaunchConfiguration\nhubot autoscaling launch delete --name=[launch_configuration_name] # Delete the AutoScaling LaunchConfiguration\nhubot autoscaling launch ls # Displays all AutoScaling LaunchConfigurations\nhubot autoscaling launch ls --name=[launch_configuration_name] # Details an Autoscaling LaunchConfiguration\nhubot autoscaling ls # Displays all AutoScaling Groups\nhubot autoscaling ls --name=[group_name] # Details an Autoscaling Group\nhubot autoscaling notification delete --group_name=[group_name] --arn=[topic_arn] # Delete the AutoScaling Notificatoin\nhubot autoscaling notification ls # Displays all AutoScaling NotificationConfigurations\nhubot autoscaling notification ls --group_name=[group_name] # Details an Autoscaling NotificationConfiguration\nhubot autoscaling notification put # Put an AutoScaling Notifications\nhubot autoscaling policy delete --policy_name=[policy_name] # Delete the AutoScaling Policy\nhubot autoscaling policy ls # Displays all AutoScaling Policies\nhubot autoscaling policy ls --group_name=[group_name] # Details an Autoscaling Policy\nhubot autoscaling policy put --add # Put an AutoScaling ScaleOut Policy\nhubot autoscaling policy put --remove # Put an AutoScaling ScaleIn Policy\nhubot autoscaling update --json=[json] # Update the AutoScaling Group\nhubot autoscaling update --json=[json] --dry-run # Try updating the AutoScaling Group\nhubot autoscaling update --name=[name] --desired=[desired] # Update DesiredCapacity the AutoScaling Group\nhubot autoscaling update --name=[name] --desired=[desired] --dry-run # Try updating DesiredCapacity the AutoScaling Group\nhubot autoscaling update --name=[name] --max=[max] # Update MaxSize of the AutoScaling Group\nhubot autoscaling update --name=[name] --max=[max] --dry-run # Try updating MaxSize of the AutoScaling Group\nhubot autoscaling update --name=[name] --min=[min] # Update MinSize of the AutoScaling Group\nhubot autoscaling update --name=[name] --min=[min] --dry-run # Try updating MinSize of the AutoScaling Group\nhubot autoscaling schedule delete --schedule_name=[policy_name] # Delete the AutoScaling Scheduled Action\nhubot autoscaling schedule ls # Displays all AutoScaling Scheduled Actions\nhubot autoscaling schedule ls --group_name=[group_name] # Details an Autoscaling Scheduled Actions\nhubot autoscaling schedule put # Put an AutoScaling Scheduled Action\nhubot cloudwatch alarm delete --name=[alarm_name] # Delete the Alarm\nhubot cloudwatch alarm ls # Displays all Alarms\nhubot cloudwatch alarm ls --name=[alarm_name] # Details an Alarm\nhubot ec2 ami create --instance_id=*** # Create an ami.\nhubot ec2 ami deregister --ami_id=[ami_id] # Deregisters the specified AMI\nhubot ec2 ami ls # Desplays all AMI(Images)\nhubot ec2 ls # Displays all Instances\nhubot ec2 ls --instance_id=[instance_id] # Details an Instance\nhubot ec2 ls --instance_filter=[instance_name] # Instances that contain instance_name in name\nhubot ec2 run # Run an Instance\nhubot ec2 sg create --group_name=[group_name] --desc=[desc] --vpc_id=[vpc_id] # Create a SecurityGroup\nhubot ec2 sg delete --group_id=[group_id] # Delete the SecurityGroup\nhubot ec2 sg ls # Desplays all SecurityGroups\nhubot ec2 spot ls # Displays all SpotInstances\nhubot ec2 tag create --resource_id=*** --tag_key=*** --tag_value=*** # Create a tag.\nhubot ec2 tag delete --resource_id=*** # Deletes the specified set of tags\nhubot ec2 tag ls # Desplays all tags\nhubot ec2 terminate --instance_id=[instance_id] # Terminate the Instance\nhubot s3 ls # Displays all S3 buckets\nhubot s3 ls --bucket_name=[bucket-name] # Displays all objects\nhubot s3 ls --bucket_name=[bucket-name] --prefix=[prefix] # Displays all objects with prefix\nhubot s3 ls --bucket_name=[bucket-name] --prefix=[prefix] --marker=[marker] # Displays all objects with prefix from marker\nhubot sns list topics\nhubot sns list subscriptions\nhubot sns list subscription in [topicArn]\nhubot sns publish [message] to [topicArn]\n```\n\n## Configurations\n\nSet environment variables like an example below.\n\n```ruby\n# required\nexport HUBOT_AWS_ACCESS_KEY_ID="ACCESS_KEY"\nexport HUBOT_AWS_SECRET_ACCESS_KEY="SECRET_ACCESS_KEY"\nexport HUBOT_AWS_REGION="ap-northeast-1"\n# required when used\nexport HUBOT_AWS_DEBUG="1"\nexport HUBOT_AWS_CAN_ACCESS_ROLE="tech"\n## allow json and cson fileformat as each api config\nexport HUBOT_AWS_EC2_RUN_CONFIG="files/aws/ec2/run/app.json"\nexport HUBOT_AWS_EC2_RUN_USERDATA_PATH="files/aws/ec2/run/initfile"\nexport HUBOT_AWS_EC2_CREATE_AMI_CONFIG="files/aws/ec2/create_ami/app.cson"\nexport HUBOT_AWS_AS_LAUNCH_CONF_CONFIG="files/aws/autoscaling/create_launch_configuration/app.cson"\nexport HUBOT_AWS_AS_LAUNCH_CONF_USERDATA_PATH="files/aws/autoscaling/create_launch_configuration/initfile"\nexport HUBOT_AWS_AS_GROUP_CONFIG="files/aws/autoscaling/create_group/app.cson"\nexport HUBOT_AWS_AS_POLICY_ADD="files/aws/autoscaling/put_policy/add/app.cson"\nexport HUBOT_AWS_AS_POLICY_REMOVE="files/aws/autoscaling/put_policy/remove/app.cson"\nexport HUBOT_AWS_AS_NOTIFICATION="files/aws/autoscaling/put_notification/app.cson"\nexport HUBOT_AWS_CW_ALARM_ADD="files/aws/cloudwatch/put_metric_alarm/add/app.cson"\nexport HUBOT_AWS_CW_ALARM_REMOVE="files/aws/cloudwatch/put_metric_alarm/remove/app.cson"\n```\n\nYou can build your own configurations by referring to the [example files](https://github.com/yoheimuta/hubot-aws/tree/master/example).\n\n## Examples\n\n### EC2\n\nhubot ec2 ls - Displays all Instances\n\n```ruby\nhubot> hubot ec2 ls\nFetching ...\nhubot> time     state   id      image   az      subnet  type    ip      name\n2015-04-17 17:02:27+09:00       running i-25588ed0      ami-AAA    ap-northeast-1c subnet-AAA t2.micro        10.0.2.125      app-autoscaling-ondemand\n2015-04-17 17:05:40+09:00       running i-f6469003      ami-BBB    ap-northeast-1c subnet-BBB t2.micro        10.0.2.146      app-autoscaling\n```\n\nhubot ec2 run - Run an Instance\n\n```ruby\nhubot> hubot ec2 run\nRequesting dry-run=false...\nhubot> pending  i-e23ce817      t2.micro       172.31.19.69    undefined\n```\n\nhubot ec2 terminate --instance_id=[instance_id] - Terminate the Instance\n\n```ruby\nhubot> hubot ec2 terminate --instance_id=i-e23ce817\nTerminating i-e23ce817...\nhubot> i-e23ce817    shutting-down\n```\n\n### AutoScaling\n\nhubot autoscaling launch ls - Displays all AutoScaling LaunchConfigurations\n\n```ruby\nhubot> hubot autoscaling launch ls\nFetching ...\nhubot> time     name    image   type    price   security\n2015-04-17 15:31:17+09:00       app-20150417     ami-AAA    c3.xlarge       1.000   sg-AAA\n2015-04-17 16:07:29+09:00       app-20150417-ondemand    ami-BBB    c3.xlarge       [NoPrice]       sg-BBB\n```\n\nhubot autoscaling launch create --name=[launch_configuration_name] - Create an AutoScaling LaunchConfiguration\n\n```ruby\nhubot> hubot autoscaling launch create --name=app-20150417\nRequesting app...\nhubot> { ResponseMetadata: { RequestId: \'68e4734f-e4d0-11e4-8995-AAA\' } }\n```\n\nhubot autoscaling ls - Displays all AutoScaling Groups\n\n```ruby\nhubot> hubot autoscaling ls\nFetching ...\nhubot> time     current_size    desired_size    min_size        max_size        az      elb     conf    name\n        tag.Key tag.Value\n---------------------------------------------------------------------------------------------------------------------------------\n---------------------------------------------------------------------------------------------------------------------------------\n2015-04-17 15:42:00+09:00       5      5      1       1000      ap-northeast-1a app-elb  app-20150417     app-group-20150417\n        Name    app-autoscaling\n        role    app\n2015-04-17 16:10:02+09:00       2       2       1       500      ap-northeast-1a app-elb  app-20150417-ondemand    app-group-20150417-ondemand\n        Name    app-autoscaling-ondemand\n        role    app\n```\n\nhubot autoscaling create --name=[group_name] --launch_name=[launch_configuration_name] - Create an AutoScaling Group\n\n```ruby\nhubot> hubot autoscaling create --name=app-group-20150417 --launch_name=app-20150417\nRequesting name=app-group-20150417, conf=app-20150417...\nhubot> { ResponseMetadata: { RequestId: \'d9f1a0ee-e4cc-11e4-9d11-AAA\' } }\n```\n\nhubot autoscaling update --name=[name] --desired=[desired] - Update DesiredCapacity the AutoScaling Group\n\n```ruby\nhubot> hubot autoscaling update --name=app-group-20150417 --desired=9\nRequesting AutoScalingGroupName=app-group-20150417, DesiredCapacity=9...\nhubot> { ResponseMetadata: { RequestId: \'590e22f0-e4cb-11e4-a03d-AAA\' } }\n```\n\nhubot autoscaling policy ls - Displays all AutoScaling Policies\n\n```ruby\nhubot> hubot autoscaling policy ls\nFetching ...\nhubot> name     type    adjustment      cooldown        group_name\n        time    namespace       metric  statistic       threshold       period  operator        alarm_name\n---------------------------------------------------------------------------------------------------------------------------------\n---------------------------------------------------------------------------------------------------------------------------------\n\nAdd     ChangeInCapacity        2       300     app-group-20150417\n        2015-04-23 21:50:46+09:00       AWS/EC2 CPUUtilization  Average 45      900     GreaterThanOrEqualToThreshold   awsec2-app-group-20150417-CPU-Utilization\n\nRemove  ChangeInCapacity        -1      [NoValue]       app-group-20150417\n        2015-04-23 21:50:47+09:00       AWS/EC2 CPUUtilization  Average 30      900     LessThanOrEqualToThreshold      awsec2-app-group-20150417-High-CPU-Utilization\n```\n\nhubot autoscaling policy put --add --group_name=[group_name]    - Put an AutoScaling ScaleOut Policy\n\n```ruby\nhubot> hubot autoscaling policy put --add --group_name=app-group-20150417\nRequesting add policy, AutoScalingGroupName=app-group-20150417, dry-run=false...\nhubot> { ResponseMetadata: { RequestId: \'c7c33a7b-e822-11e4-bd7f-AAA\' },\n      PolicyARN: \'arn:aws:autoscaling:ap-northeast-1:AAA:scalingPolicy:e8f4b6cb-9d86-4b89-b475-AAA:autoScalingGroupName/app-group-20150417:policyName/Add\' }\n{ ResponseMetadata: { RequestId: \'c88c7e44-e822-11e4-b90d-AAA\' } }\n```\n\nhubot autoscaling policy put --remove --group_name=[group_name] - Put an AutoScaling ScaleIn Policy\n\n```ruby\nhubot> hubot autoscaling policy put --remove --group_name=app-group-20150417\nRequesting remove policy, AutoScalingGroupName=app-group-20150417, dry-run=false...\nhubot> { ResponseMetadata: { RequestId: \'14992ecb-e823-11e4-9c53-b9547125f053\' },\n      PolicyARN: \'arn:aws:autoscaling:ap-northeast-1:199839016800:scalingPolicy:86f364a3-b495-4d86-a17b-ad539177f021:autoScalingGroupName/app-group-20150417:policyName/Remove\' }\n```\n\nhubot autoscaling notification ls - Displays all AutoScaling NotificationConfigurations\n\n```ruby\nhubot> hubot autoscaling notification ls\nFetching ...\nhubot> name     type    topic_arn\napp-group-20150417       autoscaling:EC2_INSTANCE_LAUNCH arn:aws:sns:ap-northeast-1:AAA:autoscaling-notice\napp-group-20150417       autoscaling:EC2_INSTANCE_TERMINATE      arn:aws:sns:ap-northeast-1:AAA:autoscaling-notice\napp-group-20150417       autoscaling:EC2_INSTANCE_TERMINATE_ERROR        arn:aws:sns:ap-northeast-1:AAA:autoscaling-notice\napp-group-20150417       autoscaling:EC2_INSTANCE_LAUNCH_ERROR   arn:aws:sns:ap-northeast-1:AAA:autoscaling-notice\n```\n\nhubot autoscaling notification put --group_name=[group_name]   - Put an AutoScaling Notifications\n\n```ruby\nhubot> hubot autoscaling notification put --group_name=app-group-20150417\nRequesting notifications, AutoScalingGroupName=app-group-20150417, dry-run=false...\nhubot> { ResponseMetadata: { RequestId: \'9b764201-e4cb-11e4-bb52-AAA\' } }\n```\n\n### Cloudwatch\n\nhubot cloudwatch alarm ls - Displays all Alarms\n\n```ruby\nhubot> hubot cloudwatch alarm ls\nFetching ...\nhubot> time    namespace    metric    statistic    threshold    period    operator    name\ndimension.Name    dimension.Value\n---------------------------------------------------------------------------------------------------------------------------------\n---------------------------------------------------------------------------------------------------------------------------------\n\n2014-12-12 14:05:49+09:00    AWS/EC2    CPUUtilization    Average    30    3600    LessThanOrEqualToThreshold    awsec2-app-group-20141209-High-CPU-Utilization\n    AutoScalingGroupName    app-group-20141209\n\n2014-12-19 12:15:07+09:00    AWS/EC2    CPUUtilization    Average    30    21600    LessThanOrEqualToThreshold    awsec2-app-autoscaling-20141219-High-CPU-Utilization\n    AutoScalingGroupName    app-autoscaling-20141219\n```\n\n### S3\n\nhubot s3 ls - Displays all S3 buckets\n\n```ruby\nhubot> hubot s3 ls\nFetching ...\nhubot> time    name\n2014-08-05 14:59:21+09:00    app\n2014-08-05 17:39:45+09:00    app-images\n```\n\nhubot s3 ls --bucket_name=[bucket-name] --prefix=[prefix] - Displays all objects with prefix\n\n```ruby\nhubot> hubot s3 ls --bucket_name=app-images --prefix=images/\nFetching app-images, images/, ...\nhubot> Prefix\nimages/000e90ea2e01b830a8d6cd68a10b3e5becdd8a98e41b402a9da3ad97eda1332e/\nimages/001c03788ee31167872d38ce09493a4deb1cbe11728a762065ee1a5acfd1404b/\n...\n```\n\n### SNS\n\n#### Configuring\n\nIn addition to administration of SNS, hubot-aws can also receive push notifications.\n\n* Create a new SNS topic\n* Create a subscription and choose HTTP(S). The default configuration is http://<huboturl>:8080/hubot/sns\n    * The URL can be set using HUBOT_SNS_URL\n* Set HUBOT_SNS_JID to hubot\'s jabber ID\n\nYou should see the subscription ID change from PendingConfirmation to a valid subscription id.\n\n#### Receiving Messages\n\nUse the Subject property to set which room the message should be delivered in, usually its JID. Messages can be raw or JSON format, but JSON is preferred.\nIf you are using [hubot-hipchat](https://github.com/hipchat/hubot-hipchat) use the plain old room name for the Subject.\nThe Subject property does not accept multiple rooms. Additionally the Messages does not natively process html templates, but one could implement it.\n\n#### Sending Messages\n\n`hubot-aws` does not send the message to a chat room. This is due to the myriad of adapters and clients hubot supports.\nTo process a message and send it to your chat room, hook into the `sns:notification` event.\n\n```\n# Use this snippet in your own scripts to send messages to the chat room from SNS\nrobot.on \'sns:notification\', (message) ->\n  # if using HipChat the channelID function converts the common name to the room JID\n  robot.messageRoom sns.channelID(message.subject), message.message\n  # if using another adapter\n    robot.messageRoom message.subject, message.message\n```\n\n## Recommended Usage\n\n### Use `--dry-run`\n\n```ruby\nhubot> hubot ec2 run --dry-run\nRequesting dry-run=true...\n{ MinCount: 1,\n  MaxCount: 1,\n  DryRun: false,\n  ImageId: \'ami-AAA\',\n  KeyName: \'aws\',\n  InstanceType: \'t2.micro\',\n  Placement: { AvailabilityZone: \'ap-northeast-1a\' },\n  NetworkInterfaces:\n   [ { Groups: [ \'sg-AAA\' ],\n       SubnetId: \'subnet-AAA\',\n       DeviceIndex: 0,\n       AssociatePublicIpAddress: true } ],\n  UserData: \'IyEvYmluL2Jhc2gKCiMgc2V0dXAgc3RhcnQgbm90aWZ5CkhPU1RfTkFNRT1gaG9zdG5hbWVgCg...\n\n# Then, remove --dry-run option\nhubot> hubot ec2 run\n...\n```\n\n### Use [hubot-env](https://github.com/yoheimuta/hubot-env)\n\nYou can switch environment variables about AWS Account Credentials via hubot command dynamically, if you want to manage multi accounts.\n\n```ruby\n# Load new environment variables abount AWS credentials of account 1.\nhubot> hubot env load --filename=aws-cred-account1.env\nLoading env --filename=aws-cred-account1.env, --dry-run=false...\nHUBOT_AWS_CREDENTIALS=account1\nHUBOT_AWS_ACCESS_KEY_ID=ACCESS_KEY1\nHUBOT_AWS_SECRET_ACCESS_KEY=***\nHUBOT_AWS_REGION=ap-northeast-1\n\n# Then, Switch to overwrite environment variables abount AWS credentials of account 2.\nhubot> hubot env load --filename=aws-cred-account2.env\nLoading env --filename=aws-cred-account2.env, --dry-run=false...\nHUBOT_AWS_CREDENTIALS=account2\nHUBOT_AWS_ACCESS_KEY_ID=ACCESS_KEY2\nHUBOT_AWS_SECRET_ACCESS_KEY=***\nHUBOT_AWS_REGION=ap-northeast-1\n```\n\n### Use [hubot-hint](https://github.com/yoheimuta/hubot-hint)\n\n`hubot-aws`supports many commands and some commands require multi arguments.\n`hubot-hint` shows rest of command help.\n\n```ruby\n# Search commandHelps with `autoscaling launch`\nhubot> hubot autoscaling launch hint\nhubot>\nhubot autoscaling launch create --name=[launch_configuration_name] # Create an AutoScaling LaunchConfiguration\nhubot autoscaling launch create --name=[launch_configuration_name] --dry-run # Try creating an AutoScaling LaunchConfiguration\nhubot autoscaling launch delete --name=[launch_configuration_name] # Delete the AutoScaling LaunchConfiguration\nhubot autoscaling launch ls # Displays all AutoScaling LaunchConfigurations\nhubot autoscaling launch ls --name=[launch_configuration_name] # Details an Autoscaling LaunchConfiguration\n\n# Search commandHelps with `autoscaling launch create`\nhubot> hubot autoscaling launch create hint\nhubot>\nhubot autoscaling launch create --name=[launch_configuration_name] # Create an AutoScaling LaunchConfiguration\nhubot autoscaling launch create --name=[launch_configuration_name] --dry-run # Try creating an AutoScaling LaunchConfiguration\n```\n',
20 silly publish   readmeFilename: 'README.md',
20 silly publish   gitHead: 'eebd1a02a13773887811cd5ac30cd80c59cdedaa',
20 silly publish   homepage: 'https://github.com/yoheimuta/hubot-aws#readme',
20 silly publish   _id: 'shy-hubot-aws@0.5.0',
20 silly publish   _shasum: '083607ca4cac358449a7750b27a3ec764cdd287c',
20 silly publish   _from: '.' }
21 verbose getPublishConfig undefined
22 silly mapToRegistry name shy-hubot-aws
23 silly mapToRegistry using default registry
24 silly mapToRegistry registry https://registry.npmjs.org/
25 silly mapToRegistry data Result {
25 silly mapToRegistry   raw: 'shy-hubot-aws',
25 silly mapToRegistry   scope: null,
25 silly mapToRegistry   name: 'shy-hubot-aws',
25 silly mapToRegistry   rawSpec: '',
25 silly mapToRegistry   spec: 'latest',
25 silly mapToRegistry   type: 'tag' }
26 silly mapToRegistry uri https://registry.npmjs.org/shy-hubot-aws
27 verbose publish registryBase https://registry.npmjs.org/
28 silly publish uploading /Users/jmaher/.npm/shy-hubot-aws/0.5.0/package.tgz
29 verbose request uri https://registry.npmjs.org/shy-hubot-aws
30 verbose request sending authorization for write operation
31 info attempt registry request try #1 at 12:46:50 PM
32 verbose request using bearer token for auth
33 verbose request id a836c19c40d4a98d
34 http request PUT https://registry.npmjs.org/shy-hubot-aws
35 http 403 https://registry.npmjs.org/shy-hubot-aws
36 verbose headers { 'content-type': 'application/json',
36 verbose headers   'cache-control': 'max-age=300',
36 verbose headers   'content-length': '107',
36 verbose headers   'accept-ranges': 'bytes',
36 verbose headers   date: 'Tue, 29 Nov 2016 12:46:51 GMT',
36 verbose headers   via: '1.1 varnish',
36 verbose headers   connection: 'keep-alive',
36 verbose headers   'x-served-by': 'cache-lcy1130-LCY',
36 verbose headers   'x-cache': 'MISS',
36 verbose headers   'x-cache-hits': '0',
36 verbose headers   'x-timer': 'S1480423610.666550,VS0,VE938',
36 verbose headers   vary: 'Accept-Encoding' }
37 verbose request invalidating /Users/jmaher/.npm/registry.npmjs.org/shy-hubot-aws on PUT
38 error publish Failed PUT 403
39 verbose stack Error: you do not have permission to publish "shy-hubot-aws". Are you logged in as the correct user? : shy-hubot-aws
39 verbose stack     at makeError (/Users/jmaher/.nvm/versions/node/v4.4.4/lib/node_modules/npm/node_modules/npm-registry-client/lib/request.js:302:12)
39 verbose stack     at CachingRegistryClient.<anonymous> (/Users/jmaher/.nvm/versions/node/v4.4.4/lib/node_modules/npm/node_modules/npm-registry-client/lib/request.js:290:14)
39 verbose stack     at Request._callback (/Users/jmaher/.nvm/versions/node/v4.4.4/lib/node_modules/npm/node_modules/npm-registry-client/lib/request.js:210:14)
39 verbose stack     at Request.self.callback (/Users/jmaher/.nvm/versions/node/v4.4.4/lib/node_modules/npm/node_modules/request/request.js:187:22)
39 verbose stack     at emitTwo (events.js:87:13)
39 verbose stack     at Request.emit (events.js:172:7)
39 verbose stack     at Request.<anonymous> (/Users/jmaher/.nvm/versions/node/v4.4.4/lib/node_modules/npm/node_modules/request/request.js:1044:10)
39 verbose stack     at emitOne (events.js:77:13)
39 verbose stack     at Request.emit (events.js:169:7)
39 verbose stack     at IncomingMessage.<anonymous> (/Users/jmaher/.nvm/versions/node/v4.4.4/lib/node_modules/npm/node_modules/request/request.js:965:12)
40 verbose statusCode 403
41 verbose pkgid shy-hubot-aws
42 verbose cwd /Users/jmaher/Projects/cni/shy-hubot-aws
43 error Darwin 15.6.0
44 error argv "/Users/jmaher/.nvm/versions/node/v4.4.4/bin/node" "/Users/jmaher/.nvm/versions/node/v4.4.4/bin/npm" "publish"
45 error node v4.4.4
46 error npm  v2.15.11
47 error code E403
48 error you do not have permission to publish "shy-hubot-aws". Are you logged in as the correct user? : shy-hubot-aws
49 error If you need help, you may report this error at:
49 error     <https://github.com/npm/npm/issues>
50 verbose exit [ 1, true ]
